[00:25:02] [Info] 
[00:25:03] [Info] 
[00:25:03] [Info] 
[00:25:04] [Info] 
[00:25:04] [Info] 
[00:25:06] [Info] 
[00:25:06] [Info] 
[00:25:06] [Info] 
[00:25:06] [Info] 
[00:25:07] [Info] 
[00:25:07] [Info] 
[00:25:08] [Info] 
[00:25:38] [Info] 
[00:25:38] [Info] 
[00:25:39] [Info] 
[00:25:39] [Info] 
[00:25:39] [Info] 
[00:25:39] [Info] 
[00:25:40] [Info] 
[00:25:40] [Info] 
[00:34:48] [Info] 
[00:34:48] [Info] 
[00:34:49] [Info] 
[00:34:49] [Info] 
[00:34:49] [Info] 
[00:34:49] [Info] 
[00:34:50] [Info] 
[00:34:50] [Info] 
[00:35:38] [Info] From Arrow Function
[00:35:39] [Info] From Arrow Function
[00:35:40] [Info] From Arrow Function
[00:35:40] [Info] From Arrow Function
[00:35:40] [Info] From Arrow Function
[00:36:08] [Info] From Arrow Function
[00:36:08] [Info] From OnHotkey
[00:36:09] [Info] From Arrow Function
[00:36:09] [Info] From OnHotkey
[00:36:10] [Info] From Arrow Function
[00:36:10] [Info] From OnHotkey
[00:36:11] [Info] From Arrow Function
[00:36:11] [Info] From OnHotkey
[00:36:12] [Info] From Arrow Function
[00:36:12] [Info] From OnHotkey
[00:36:52] [Info] From Arrow Function $Copy
[00:36:52] [Info] From OnHotkey $Copy
[00:36:54] [Info] From Arrow Function $Copy
[00:36:54] [Info] From OnHotkey $Copy
[00:36:54] [Info] From Arrow Function $Copy
[00:36:54] [Info] From OnHotkey $Copy
[00:37:08] [Info] From Arrow Function Copy
[00:37:08] [Info] From OnHotkey Copy
[00:37:08] [Info] From Arrow Function Copy
[00:37:08] [Info] From OnHotkey Copy
[00:37:09] [Info] From Arrow Function Copy
[00:37:09] [Info] From OnHotkey Copy
[00:37:09] [Info] From Arrow Function Copy
[00:37:09] [Info] From OnHotkey Copy
[00:37:10] [Info] From Arrow Function Copy
[00:37:10] [Info] From OnHotkey Copy
[00:37:11] [Info] From Arrow Function Copy
[00:37:11] [Info] From OnHotkey Copy
[00:42:35] [Info] From Arrow Function Copy
[00:42:35] [Info] From OnHotkey Copy
[00:42:36] [Info] From Arrow Function Copy
[00:42:36] [Info] From OnHotkey Copy
[00:42:37] [Info] From Arrow Function Copy
[00:42:37] [Info] From OnHotkey Copy
[00:42:37] [Info] From Arrow Function Copy
[00:42:37] [Info] From OnHotkey Copy
[00:42:37] [Info] From Arrow Function Copy
[00:42:37] [Info] From OnHotkey Copy
[00:42:38] [Info] From Arrow Function Copy
[00:42:38] [Info] From OnHotkey Copy
[00:42:41] [Info] From Arrow Function Copy
[00:42:41] [Info] From OnHotkey Copy
[00:42:49] [Info] From Arrow Function Copy
[00:42:49] [Info] From OnHotkey Copy
[00:42:49] [Info] From Arrow Function Copy
[00:42:49] [Info] From OnHotkey Copy
[01:16:33] [Info] From Arrow Function Copy
[01:16:33] [Info] From OnHotkey Copy
[01:17:05] [Info] From Arrow Function Copy
[01:17:05] [Info] From OnHotkey Copy
[01:17:06] [Info] From Arrow Function Copy
[01:17:06] [Info] From OnHotkey Copy
[01:17:07] [Info] From Arrow Function Copy
[01:17:07] [Info] From OnHotkey Copy
[01:17:07] [Info] From Arrow Function Copy
[01:17:07] [Info] From OnHotkey Copy
[01:17:08] [Info] From Arrow Function Copy
[01:17:08] [Info] From OnHotkey Copy
[01:17:08] [Info] From Arrow Function Copy
[01:17:08] [Info] From OnHotkey Copy
[01:17:09] [Info] From Arrow Function Copy
[01:17:09] [Info] From OnHotkey Copy
[01:17:10] [Info] From Arrow Function Copy
[01:17:10] [Info] From OnHotkey Copy
[01:18:25] [Info] From Arrow Function Copy
[01:18:25] [Info] From OnHotkey Copy
[01:18:27] [Info] From OnKeyUp 37
[01:18:27] [Info] From Arrow Function Copy
[01:18:27] [Info] From OnHotkey Copy
[01:18:28] [Info] From OnKeyUp 37
[01:18:28] [Info] From OnKeyUp 37
[01:18:30] [Info] From OnKeyUp 37
[01:18:32] [Info] From Arrow Function Copy
[01:18:32] [Info] From OnHotkey Copy
[01:18:32] [Info] From OnKeyUp 37
[01:18:33] [Info] From Arrow Function Copy
[01:18:33] [Info] From OnHotkey Copy
[01:18:34] [Info] From OnKeyUp 37
[01:18:35] [Info] From OnKeyUp 37
[01:18:36] [Info] From OnKeyUp 37
[01:20:09] [Info] From OnKeyDown 37
[01:20:09] [Info] From OnKeyDown 37
[01:20:09] [Info] From OnKeyUp 37
[01:20:10] [Info] From OnKeyDown 37
[01:20:10] [Info] From OnKeyDown 37
[01:20:10] [Info] From OnKeyUp 37
[01:20:11] [Info] From OnKeyDown 37
[01:20:11] [Info] From OnKeyDown 37
[01:20:12] [Info] From Arrow Function Copy
[01:20:12] [Info] From OnHotkey Copy
[01:20:12] [Info] From OnKeyUp 37
[01:20:14] [Info] From OnKeyDown 37
[01:20:14] [Info] From OnKeyDown 37
[01:20:14] [Info] From OnKeyUp 37
[01:20:15] [Info] From OnKeyDown 54
[01:20:15] [Info] From OnKeyUp 54
[01:20:15] [Info] From OnKeyDown 39
[01:20:15] [Info] From OnKeyUp 39
[01:20:15] [Info] From OnKeyDown 25
[01:20:16] [Info] From OnKeyUp 25
[01:20:16] [Info] From OnKeyDown 40
[01:20:16] [Info] From OnKeyUp 40
[01:20:17] [Info] From OnKeyDown 41
[01:20:17] [Info] From OnKeyUp 41
[01:20:17] [Info] From OnKeyDown 25
[01:20:18] [Info] From OnKeyUp 25
[01:20:19] [Info] From OnKeyDown 37
[01:20:19] [Info] From OnKeyDown 37
[01:20:20] [Info] From OnKeyUp 37
[01:20:20] [Info] From OnKeyDown 54
[01:20:21] [Info] From OnKeyUp 54
[01:20:21] [Info] From OnKeyDown 37
[01:20:21] [Info] From OnKeyDown 37
[01:20:21] [Info] From Arrow Function Copy
[01:20:21] [Info] From OnHotkey Copy
[01:20:22] [Info] From OnKeyUp 37
[01:21:00] [Info] From OnKeyDown 37
[01:21:00] [Info] From OnKeyUp 37
[01:21:01] [Info] From OnKeyDown 37
[01:21:01] [Info] From OnKeyUp 37
[01:21:02] [Info] From OnKeyDown 64
[01:21:02] [Info] From OnKeyUp 64
[01:21:02] [Info] From OnKeyDown 37
[01:21:03] [Info] From OnKeyDown 64
[01:21:03] [Info] From OnKeyUp 64
[01:21:04] [Info] From OnKeyUp 37
[01:21:05] [Info] From OnKeyDown 37
[01:21:05] [Info] From Arrow Function Copy
[01:21:05] [Info] From OnHotkey Copy
[01:21:05] [Info] From OnKeyUp 37
[01:21:06] [Info] From OnKeyDown 37
[01:21:07] [Info] From Arrow Function Copy
[01:21:07] [Info] From OnHotkey Copy
[01:21:07] [Info] From Arrow Function Copy
[01:21:07] [Info] From OnHotkey Copy
[01:21:08] [Info] From OnKeyUp 37
[01:21:08] [Info] From OnKeyDown 37
[01:21:12] [Info] From OnKeyUp 37
[01:21:12] [Info] From OnKeyDown 116
[01:21:12] [Info] From OnKeyUp 116
[01:21:12] [Info] From OnKeyDown 37
[01:21:12] [Info] From Arrow Function Copy
[01:21:12] [Info] From OnHotkey Copy
[01:21:13] [Info] From OnKeyUp 37
[01:21:13] [Info] From OnKeyDown 37
[01:21:13] [Info] From OnKeyUp 37
[01:21:14] [Info] From OnKeyDown 37
[01:21:14] [Info] From Arrow Function Copy
[01:21:14] [Info] From OnHotkey Copy
[01:21:15] [Info] From Arrow Function Copy
[01:21:15] [Info] From OnHotkey Copy
[01:21:15] [Info] From OnKeyUp 37
[01:21:15] [Info] From OnKeyDown 54
[01:21:15] [Info] From OnKeyUp 54
[01:21:16] [Info] From OnKeyDown 55
[01:21:16] [Info] From OnKeyUp 55
[01:21:16] [Info] From OnKeyDown 39
[01:21:16] [Info] From OnKeyDown 55
[01:21:16] [Info] From OnKeyUp 39
[01:21:16] [Info] From OnKeyDown 38
[01:21:16] [Info] From OnKeyUp 55
[01:21:16] [Info] From OnKeyUp 38
[01:21:17] [Info] From OnKeyDown 24
[01:21:17] [Info] From OnKeyDown 25
[01:21:17] [Info] From OnKeyUp 24
[01:21:17] [Info] From OnKeyDown 41
[01:21:17] [Info] From OnKeyUp 25
[01:21:17] [Info] From OnKeyUp 41
[01:21:17] [Info] From OnKeyDown 54
[01:21:17] [Info] From OnKeyDown 32
[01:21:17] [Info] From OnKeyUp 54
[01:21:18] [Info] From OnKeyUp 32
[01:21:18] [Info] From OnKeyDown 39
[01:21:18] [Info] From OnKeyUp 39
[01:21:18] [Info] From OnKeyDown 58
[01:21:18] [Info] From OnKeyUp 58
[01:21:18] [Info] From OnKeyDown 31
[01:21:18] [Info] From OnKeyUp 31
[01:21:18] [Info] From OnKeyDown 57
[01:21:18] [Info] From OnKeyUp 57
[01:21:18] [Info] From OnKeyDown 65
[01:21:18] [Info] From OnKeyUp 65
[01:21:18] [Info] From OnKeyDown 54
[01:21:18] [Info] From OnKeyUp 54
[01:21:18] [Info] From OnKeyDown 27
[01:21:18] [Info] From OnKeyUp 27
[01:21:18] [Info] From OnKeyDown 26
[01:21:19] [Info] From OnKeyUp 26
[01:21:19] [Info] From OnKeyDown 28
[01:21:19] [Info] From OnKeyUp 28
[01:21:19] [Info] From OnKeyDown 30
[01:21:19] [Info] From OnKeyUp 30
[01:21:19] [Info] From OnKeyDown 54
[01:21:19] [Info] From OnKeyUp 54
[01:21:19] [Info] From OnKeyDown 32
[01:21:19] [Info] From OnKeyUp 32
[01:21:19] [Info] From OnKeyDown 39
[01:21:20] [Info] From OnKeyUp 39
[01:21:20] [Info] From OnKeyDown 58
[01:21:20] [Info] From OnKeyUp 58
[01:21:20] [Info] From OnKeyDown 31
[01:21:20] [Info] From OnKeyUp 31
[01:21:20] [Info] From OnKeyDown 57
[01:21:20] [Info] From OnKeyUp 57
[01:21:20] [Info] From OnKeyDown 65
[01:21:20] [Info] From OnKeyUp 65
[01:21:20] [Info] From OnKeyDown 54
[01:21:20] [Info] From OnKeyUp 54
[01:21:20] [Info] From OnKeyDown 27
[01:21:20] [Info] From OnKeyUp 27
[01:21:20] [Info] From OnKeyDown 26
[01:21:20] [Info] From OnKeyUp 26
[01:21:21] [Info] From OnKeyDown 28
[01:21:21] [Info] From OnKeyUp 28
[01:21:21] [Info] From OnKeyDown 30
[01:21:21] [Info] From OnKeyUp 30
[01:21:21] [Info] From OnKeyDown 54
[01:21:21] [Info] From OnKeyUp 54
[01:21:22] [Info] From OnKeyDown 54
[01:21:22] [Info] From OnKeyUp 54
[01:21:22] [Info] From OnKeyDown 54
[01:21:22] [Info] From OnKeyUp 54
[01:21:22] [Info] From OnKeyDown 38
[01:21:22] [Info] From OnKeyDown 39
[01:21:22] [Info] From OnKeyUp 38
[01:21:22] [Info] From OnKeyDown 55
[01:21:22] [Info] From OnKeyUp 39
[01:21:22] [Info] From OnKeyDown 38
[01:21:22] [Info] From OnKeyUp 55
[01:21:22] [Info] From OnKeyDown 39
[01:21:22] [Info] From OnKeyUp 38
[01:21:22] [Info] From OnKeyDown 41
[01:21:22] [Info] From OnKeyUp 39
[01:21:23] [Info] From OnKeyUp 41
[01:21:23] [Info] From OnKeyDown 24
[01:21:23] [Info] From OnKeyDown 25
[01:21:23] [Info] From OnKeyUp 24
[01:21:23] [Info] From OnKeyDown 41
[01:21:23] [Info] From OnKeyUp 25
[01:21:23] [Info] From OnKeyUp 41
[01:21:23] [Info] From OnKeyDown 38
[01:21:23] [Info] From OnKeyDown 39
[01:21:23] [Info] From OnKeyDown 40
[01:21:23] [Info] From OnKeyUp 38
[01:21:23] [Info] From OnKeyUp 39
[01:21:23] [Info] From OnKeyUp 40
[01:21:23] [Info] From OnKeyDown 38
[01:21:23] [Info] From OnKeyUp 38
[01:21:24] [Info] From OnKeyDown 40
[01:21:24] [Info] From OnKeyUp 40
[01:21:24] [Info] From OnKeyDown 38
[01:21:24] [Info] From OnKeyDown 39
[01:21:24] [Info] From OnKeyDown 40
[01:21:24] [Info] From OnKeyUp 38
[01:21:24] [Info] From OnKeyUp 39
[01:21:24] [Info] From OnKeyUp 40
[01:21:24] [Info] From OnKeyDown 38
[01:21:24] [Info] From OnKeyDown 39
[01:21:24] [Info] From OnKeyDown 40
[01:21:24] [Info] From OnKeyUp 38
[01:21:24] [Info] From OnKeyUp 39
[01:21:24] [Info] From OnKeyDown 25
[01:21:24] [Info] From OnKeyUp 40
[01:21:24] [Info] From OnKeyDown 24
[01:21:25] [Info] From OnKeyUp 24
[01:21:25] [Info] From OnKeyDown 40
[01:21:25] [Info] From OnKeyUp 25
[01:21:25] [Info] From OnKeyUp 40
[01:21:25] [Info] From OnKeyDown 38
[01:21:25] [Info] From OnKeyDown 39
[01:21:25] [Info] From OnKeyDown 40
[01:21:25] [Info] From OnKeyUp 38
[01:21:25] [Info] From OnKeyUp 39
[01:21:25] [Info] From OnKeyUp 40
[01:21:25] [Info] From OnKeyDown 40
[01:21:26] [Info] From OnKeyUp 40
[01:21:26] [Info] From OnKeyDown 38
[01:21:26] [Info] From OnKeyDown 39
[01:21:26] [Info] From OnKeyUp 38
[01:21:26] [Info] From OnKeyDown 40
[01:21:26] [Info] From OnKeyUp 39
[01:21:26] [Info] From OnKeyUp 40
[01:25:32] [Info] From OnKeyDown 54
[01:25:32] [Info] From OnKeyUp 54
[01:25:33] [Info] From OnKeyDown 54
[01:25:33] [Info] From OnKeyUp 54
[01:25:33] [Info] From OnKeyDown 54
[01:25:34] [Info] From OnKeyUp 54
[01:25:34] [Info] From OnKeyDown 54
[01:25:34] [Info] From OnKeyUp 54
[01:25:34] [Info] From OnKeyDown 54
[01:25:34] [Info] From OnKeyUp 54
[01:25:46] [Info] From OnKeyDown 54
[01:25:46] [Info] Browser Handled Key C
[01:25:46] [Info] From OnKeyUp 54
[01:25:48] [Info] From OnKeyDown 54
[01:25:48] [Info] Browser Handled Key C
[01:25:49] [Info] From OnKeyUp 54
[01:25:50] [Info] From OnKeyDown 54
[01:25:50] [Info] Browser Handled Key C
[01:25:51] [Info] From OnKeyUp 54
[01:25:51] [Info] From OnKeyDown 54
[01:25:51] [Info] Browser Handled Key C
[01:25:52] [Info] From OnKeyUp 54
[01:25:52] [Info] From OnKeyDown 55
[01:25:52] [Info] Browser Handled Key V
[01:25:52] [Info] From OnKeyUp 55
[01:25:53] [Info] From OnKeyDown 39
[01:25:53] [Info] Browser Handled Key S
[01:25:53] [Info] From OnKeyUp 39
[01:25:53] [Info] From OnKeyDown 38
[01:25:53] [Info] Browser Handled Key A
[01:25:53] [Info] From OnKeyUp 38
[01:26:06] [Info] From OnKeyDown 40
[01:26:06] [Debug] Browser Handled Key D
[01:26:07] [Info] From OnKeyUp 40
[01:26:07] [Info] From OnKeyDown 54
[01:26:07] [Debug] Browser Handled Key C
[01:26:08] [Info] From OnKeyUp 54
[01:26:08] [Info] From OnKeyDown 39
[01:26:08] [Debug] Browser Handled Key S
[01:26:08] [Info] From OnKeyUp 39
[01:26:09] [Info] From OnKeyDown 40
[01:26:09] [Debug] Browser Handled Key D
[01:26:09] [Info] From OnKeyUp 40
[01:26:09] [Info] From OnKeyDown 41
[01:26:09] [Debug] Browser Handled Key F
[01:26:11] [Info] From OnKeyUp 41
[01:26:11] [Info] From OnKeyDown 24
[01:26:11] [Debug] Browser Handled Key Q
[01:26:12] [Info] From OnKeyUp 24
[01:26:12] [Info] From OnKeyDown 25
[01:26:12] [Debug] Browser Handled Key W
[01:26:13] [Info] From OnKeyUp 25
[01:26:13] [Info] From OnKeyDown 23
[01:26:13] [Debug] Browser Handled Key Tab
[01:26:13] [Info] From OnKeyUp 23
[01:26:14] [Info] From OnKeyDown 66
[01:26:14] [Debug] Browser Handled Key CapsLock
[01:26:14] [Info] From OnKeyUp 66
[01:26:14] [Info] From OnKeyDown 50
[01:26:14] [Debug] Browser Handled Key ShiftLeft
[01:26:15] [Info] From OnKeyUp 50
[01:26:15] [Info] From OnKeyDown 69
[01:26:15] [Debug] Browser Handled Key F3
[01:26:16] [Info] From OnKeyUp 69
[01:26:16] [Info] From OnKeyDown 68
[01:26:16] [Debug] Browser Handled Key F2
[01:26:16] [Info] From OnKeyUp 68
[01:26:16] [Info] From OnKeyDown 67
[01:26:16] [Debug] Browser Handled Key F1
[01:26:17] [Info] From OnKeyUp 67
[01:26:17] [Info] From OnKeyDown 71
[01:26:17] [Debug] Browser Handled Key F5
[01:26:18] [Info] From OnKeyUp 71
[01:26:18] [Info] From OnKeyDown 70
[01:26:18] [Debug] Browser Handled Key F4
[01:26:18] [Info] From OnKeyUp 70
[01:26:18] [Info] From OnKeyDown 69
[01:26:18] [Debug] Browser Handled Key F3
[01:26:18] [Info] From OnKeyUp 69
[01:26:19] [Info] From OnKeyDown 72
[01:26:19] [Debug] Browser Handled Key F6
[01:26:19] [Info] From OnKeyUp 72
[01:26:19] [Info] From OnKeyDown 74
[01:26:19] [Debug] Browser Handled Key F8
[01:26:19] [Info] From OnKeyUp 74
[01:26:20] [Info] From OnKeyDown 75
[01:26:20] [Debug] Browser Handled Key F9
[01:26:20] [Info] From OnKeyUp 75
[01:26:20] [Info] From OnKeyDown 74
[01:26:20] [Debug] Browser Handled Key F8
[01:26:20] [Info] From OnKeyUp 74
[01:26:20] [Info] From OnKeyDown 73
[01:26:20] [Debug] Browser Handled Key F7
[01:26:20] [Info] From OnKeyUp 73
[01:26:21] [Info] From OnKeyDown 72
[01:26:21] [Debug] Browser Handled Key F6
[01:26:21] [Info] From OnKeyUp 72
[01:26:21] [Info] From OnKeyDown 76
[01:26:21] [Debug] Browser Handled Key F10
[01:26:21] [Info] From OnKeyUp 76
[01:26:21] [Info] From OnKeyDown 70
[01:26:21] [Debug] Browser Handled Key F4
[01:26:21] [Info] From OnKeyUp 70
[01:26:21] [Info] From OnKeyDown 95
[01:26:21] [Debug] Browser Handled Key F11
[01:26:22] [Info] From OnKeyUp 95
[01:26:30] [Info] From OnKeyDown 37
[01:26:30] [Debug] Browser Handled Key ControlLeft
[01:26:31] [Info] From OnKeyUp 37
[01:26:31] [Info] From OnKeyDown 64
[01:26:31] [Debug] Browser Handled Key AltLeft
[01:26:32] [Info] From OnKeyUp 64
[01:26:32] [Info] From OnKeyDown 50
[01:26:32] [Debug] Browser Handled Key ShiftLeft
[01:26:32] [Info] From OnKeyUp 50
[01:26:34] [Info] From OnKeyDown 66
[01:26:34] [Debug] Browser Handled Key CapsLock
[01:26:34] [Info] From OnKeyUp 66
[01:26:35] [Info] From OnKeyDown 23
[01:26:35] [Debug] Browser Handled Key Tab
[01:26:35] [Info] From OnKeyUp 23
[01:26:36] [Info] From OnKeyDown 66
[01:26:36] [Debug] Browser Handled Key CapsLock
[01:26:36] [Info] From OnKeyUp 66
[01:26:36] [Info] From OnKeyDown 66
[01:26:36] [Debug] Browser Handled Key CapsLock
[01:26:36] [Info] From OnKeyUp 66
[01:26:37] [Info] From OnKeyDown 66
[01:26:37] [Debug] Browser Handled Key CapsLock
[01:26:37] [Info] From OnKeyUp 66
[01:26:38] [Info] From OnKeyDown 66
[01:26:38] [Debug] Browser Handled Key CapsLock
[01:26:38] [Info] From OnKeyUp 66
[01:26:42] [Info] From OnKeyDown 54
[01:26:42] [Debug] Browser Handled Key C
[01:26:42] [Info] From OnKeyUp 54
[01:26:42] [Info] From OnKeyDown 54
[01:26:42] [Debug] Browser Handled Key C
[01:26:43] [Info] From OnKeyUp 54
[01:26:44] [Info] From OnKeyDown 54
[01:26:44] [Debug] Browser Handled Key C
[01:26:44] [Info] From OnKeyUp 54
[01:26:44] [Info] From OnKeyDown 54
[01:26:44] [Debug] Browser Handled Key C
[01:26:45] [Info] From OnKeyUp 54
[01:26:46] [Info] From OnKeyDown 54
[01:26:46] [Debug] Browser Handled Key C
[01:26:46] [Info] From OnKeyUp 54
[01:29:31] [Info] From Event Copy
[01:29:31] [Debug] Browser Handled Key C
[01:29:33] [Info] From Event Copy
[01:29:33] [Debug] Browser Handled Key C
[01:29:34] [Info] From Event Copy
[01:29:34] [Debug] Browser Handled Key C
[01:30:49] [Debug] Browser Handled Key C
[01:30:49] [Debug] Browser Handled Key C
[01:30:50] [Debug] Browser Handled Key C
[01:30:50] [Debug] Browser Handled Key C
[01:31:26] [Info] Copy Handled from event OnHotKey
[01:31:26] [Debug] Browser Handled Key C
[01:31:34] [Info] Copy Handled from event OnHotKey
[01:31:34] [Debug] Browser Handled Key C
[01:31:35] [Info] Copy Handled from event OnHotKey
[01:31:35] [Debug] Browser Handled Key C
[01:32:44] [Error] Keybind 341:67 already exists
[01:33:27] [Error] Keybind 341:67 already exists
[01:33:33] [Info] Copy Handled from event OnHotkey
[01:33:33] [Debug] Browser Handled Key C
[01:33:33] [Info] Copy Handled from event OnHotkey
[01:33:33] [Debug] Browser Handled Key C
[01:35:19] [Error] Keybind 341:67 already exists
[01:35:22] [Info] Copy Handled from event OnHotkey
[01:35:22] [Info] Copy Handled from arrow function
[01:35:22] [Debug] Browser Handled Key C
[01:35:22] [Info] Copy Handled from event OnHotkey
[01:35:22] [Info] Copy Handled from arrow function
[01:35:22] [Debug] Browser Handled Key C
[01:35:23] [Info] Copy Handled from event OnHotkey
[01:35:23] [Info] Copy Handled from arrow function
[01:35:23] [Debug] Browser Handled Key C
[01:35:25] [Info] Copy Handled from event OnHotkey
[01:35:25] [Info] Copy Handled from arrow function
[01:35:25] [Debug] Browser Handled Key C
[01:35:26] [Info] Copy Handled from event OnHotkey
[01:35:26] [Info] Copy Handled from arrow function
[01:35:26] [Debug] Browser Handled Key C
[01:36:16] [Error] Keybind 341:67 already exists
[01:36:18] [Info] Copy Handled from event OnHotkey
[01:36:18] [Info] Copy Handled from arrow function
[01:36:18] [Debug] Browser Handled Key C
[01:36:18] [Info] Copy Handled from event OnHotkey
[01:36:18] [Info] Copy Handled from arrow function
[01:36:18] [Debug] Browser Handled Key C
[01:36:19] [Info] Copy Handled from event OnHotkey
[01:36:19] [Info] Copy Handled from arrow function
[01:36:19] [Debug] Browser Handled Key C
[01:36:56] [Error] Keybind 341:67 already exists
[01:36:59] [Info] Copy Handled from event OnHotkey
[01:36:59] [Info] Copy Handled from arrow function
[01:36:59] [Debug] Browser Handled Key C
[01:36:59] [Info] Copy Handled from event OnHotkey
[01:36:59] [Info] Copy Handled from arrow function
[01:36:59] [Debug] Browser Handled Key C
[01:40:25] [Error] Keybind 341:67 already exists
[01:40:29] [Info] Copy Handled from event OnHotkey
[01:40:29] [Info] Copy Handled from arrow function
[01:40:29] [Debug] Browser Handled Key C
[01:40:30] [Info] Copy Handled from event OnHotkey
[01:40:30] [Info] Copy Handled from arrow function
[01:40:30] [Debug] Browser Handled Key C
[01:40:30] [Info] Copy Handled from event OnHotkey
[01:40:30] [Info] Copy Handled from arrow function
[01:40:30] [Debug] Browser Handled Key C
[01:40:30] [Info] Copy Handled from event OnHotkey
[01:40:30] [Info] Copy Handled from arrow function
[01:40:30] [Debug] Browser Handled Key C
[01:40:31] [Info] Copy Handled from event OnHotkey
[01:40:31] [Info] Copy Handled from arrow function
[01:40:31] [Debug] Browser Handled Key C
[01:40:31] [Info] Copy Handled from event OnHotkey
[01:40:31] [Info] Copy Handled from arrow function
[01:40:31] [Debug] Browser Handled Key C
[01:40:31] [Info] Copy Handled from event OnHotkey
[01:40:31] [Info] Copy Handled from arrow function
[01:40:31] [Debug] Browser Handled Key C
[01:40:31] [Info] Copy Handled from event OnHotkey
[01:40:31] [Info] Copy Handled from arrow function
[01:40:31] [Debug] Browser Handled Key C
[01:40:31] [Info] Copy Handled from event OnHotkey
[01:40:31] [Info] Copy Handled from arrow function
[01:40:31] [Debug] Browser Handled Key C
[01:40:32] [Info] Copy Handled from event OnHotkey
[01:40:32] [Info] Copy Handled from arrow function
[01:40:32] [Debug] Browser Handled Key C
[01:41:46] [Error] Keybind 341:67 already exists
[01:41:53] [Info] Copy Handled from event OnHotkey
[01:41:53] [Info] Copy Handled from arrow function
[01:41:53] [Debug] Browser Handled Key C
[01:41:54] [Info] Copy Handled from event OnHotkey
[01:41:54] [Info] Copy Handled from arrow function
[01:41:54] [Debug] Browser Handled Key C
[01:41:55] [Info] Copy Handled from event OnHotkey
[01:41:55] [Info] Copy Handled from arrow function
[01:41:55] [Debug] Browser Handled Key C
[01:41:57] [Info] Copy Handled from event OnHotkey
[01:41:57] [Info] Copy Handled from arrow function
[01:41:57] [Debug] Browser Handled Key C
[01:42:19] [Error] Keybind 341:67 already exists
[01:42:21] [Info] 2
[01:42:21] [Info] 3
[01:42:21] [Debug] Browser Handled Key C
[01:42:23] [Info] 2
[01:42:23] [Info] 3
[01:42:23] [Debug] Browser Handled Key C
